mar. 30, 2025 1:43:01 PM liquibase.changelog
INFO: Reading resource: db/changelog/migrations/db.changelog-01.sql
mar. 30, 2025 1:43:02 PM liquibase.changelog
INFO: Reading resource: db/changelog/migrations/db.changelog-02.sql
mar. 30, 2025 1:43:02 PM liquibase.changelog
INFO: Reading from sql_project.DATABASECHANGELOG
Database is up to date, no changesets to execute
mar. 30, 2025 1:43:02 PM liquibase.changelog
INFO: Reading from sql_project.DATABASECHANGELOG

UPDATE SUMMARY
Run:                          0
Previously run:               7
Filtered out:                 0
-------------------------------
Total change sets:            7

mar. 30, 2025 1:43:02 PM liquibase.util
INFO: UPDATE SUMMARY
mar. 30, 2025 1:43:02 PM liquibase.util
INFO: Run:                          0
mar. 30, 2025 1:43:02 PM liquibase.util
INFO: Previously run:               7
mar. 30, 2025 1:43:02 PM liquibase.util
INFO: Filtered out:                 0
mar. 30, 2025 1:43:02 PM liquibase.util
INFO: -------------------------------
mar. 30, 2025 1:43:02 PM liquibase.util
INFO: Total change sets:            7
mar. 30, 2025 1:43:02 PM liquibase.util
INFO: Update summary generated
mar. 30, 2025 1:43:02 PM liquibase.lockservice
INFO: Successfully released change log lock
mar. 30, 2025 1:43:02 PM liquibase.command
INFO: Command execution complete
